<?xml version="1.0" encoding="UTF-8"?>
<testng-results ignored="0" total="1" passed="1" failed="0" skipped="0">
  <reporter-output>
    <line>
      <![CDATA[hii]]>
    </line>
  </reporter-output>
  <suite started-at="2024-08-12T15:10:01 IST" name="Suite" finished-at="2024-08-12T15:10:01 IST" duration-ms="97">
    <groups>
    </groups>
    <test started-at="2024-08-12T15:10:01 IST" name="Test" finished-at="2024-08-12T15:10:01 IST" duration-ms="97">
      <class name="com.maven.testscript.CustomerModule">
        <test-method signature="createCustomer()[pri:0, instance:com.maven.testscript.CustomerModule@7d8995e]" started-at="2024-08-12T15:10:01 IST" name="createCustomer" finished-at="2024-08-12T15:10:01 IST" duration-ms="25" status="PASS">
          <reporter-output>
            <line>
              <![CDATA[hii]]>
            </line>
          </reporter-output>
        </test-method> <!-- createCustomer -->
      </class> <!-- com.maven.testscript.CustomerModule -->
    </test> <!-- Test -->
  </suite> <!-- Suite -->
</testng-results>
